This is pdfTeX, Version 3.14159265-2.6-1.40.18 (MiKTeX 2.9.6600 64-bit) (preloaded format=pdflatex 2018.2.19)  9 JAN 2019 23:23
entering extended mode
**./main.tex
(main.tex
LaTeX2e <2017-04-15>
Babel <3.17> and hyphenation patterns for 75 language(s) loaded.
("C:\Program Files\MiKTeX 2.9\tex\latex\base\report.cls"
Document Class: report 2014/09/29 v1.4h Standard LaTeX document class
("C:\Program Files\MiKTeX 2.9\tex\latex\base\fleqn.clo"
File: fleqn.clo 2016/12/29 v1.2a Standard LaTeX option (flush left equations)
\mathindent=\dimen102
Applying: [2015/01/01] Make \[ robust on input line 50.
LaTeX Info: Redefining \[ on input line 51.
Already applied: [0000/00/00] Make \[ robust on input line 62.
Applying: [2015/01/01] Make \] robust on input line 74.
LaTeX Info: Redefining \] on input line 75.
Already applied: [0000/00/00] Make \] robust on input line 83.
)
("C:\Program Files\MiKTeX 2.9\tex\latex\base\size11.clo"
File: size11.clo 2014/09/29 v1.4h Standard LaTeX file (size option)
)
\c@part=\count79
\c@chapter=\count80
\c@section=\count81
\c@subsection=\count82
\c@subsubsection=\count83
\c@paragraph=\count84
\c@subparagraph=\count85
\c@figure=\count86
\c@table=\count87
\abovecaptionskip=\skip41
\belowcaptionskip=\skip42
\bibindent=\dimen103
)
("C:\Program Files\MiKTeX 2.9\tex\latex\graphics\graphicx.sty"
Package: graphicx 2017/06/01 v1.1a Enhanced LaTeX Graphics (DPC,SPQR)

("C:\Program Files\MiKTeX 2.9\tex\latex\graphics\keyval.sty"
Package: keyval 2014/10/28 v1.15 key=value parser (DPC)
\KV@toks@=\toks14
)
("C:\Program Files\MiKTeX 2.9\tex\latex\graphics\graphics.sty"
Package: graphics 2017/06/25 v1.2c Standard LaTeX Graphics (DPC,SPQR)

("C:\Program Files\MiKTeX 2.9\tex\latex\graphics\trig.sty"
Package: trig 2016/01/03 v1.10 sin cos tan (DPC)
)
("C:\Program Files\MiKTeX 2.9\tex\latex\graphics-cfg\graphics.cfg"
File: graphics.cfg 2016/06/04 v1.11 sample graphics configuration
)
Package graphics Info: Driver file: dvips.def on input line 99.

("C:\Program Files\MiKTeX 2.9\tex\latex\graphics-def\dvips.def"
File: dvips.def 2017/06/20 v3.1d Graphics/color driver for dvips
))
\Gin@req@height=\dimen104
\Gin@req@width=\dimen105
)
("C:\Program Files\MiKTeX 2.9\tex\latex\base\inputenc.sty"
Package: inputenc 2015/03/17 v1.2c Input encoding file
\inpenc@prehook=\toks15
\inpenc@posthook=\toks16

("C:\Program Files\MiKTeX 2.9\tex\latex\base\latin1.def"
File: latin1.def 2015/03/17 v1.2c Input encoding file
))
("C:\Program Files\MiKTeX 2.9\tex\latex\base\fontenc.sty"
Package: fontenc 2017/04/05 v2.0i Standard LaTeX package

("C:\Program Files\MiKTeX 2.9\tex\latex\base\t1enc.def"
File: t1enc.def 2017/04/05 v2.0i Standard LaTeX file
LaTeX Font Info:    Redeclaring font encoding T1 on input line 48.
))
("C:\Program Files\MiKTeX 2.9\tex\generic\babel\babel.sty"
Package: babel 2018/01/24 3.17 The Babel package

("C:\Program Files\MiKTeX 2.9\tex\generic\babel\switch.def"
File: switch.def 2018/01/24 3.17 Babel switching mechanism
)
*************************************
* Local config file bblopts.cfg used
*
("C:\Program Files\MiKTeX 2.9\tex\latex\arabi\bblopts.cfg"
File: bblopts.cfg 2005/09/08 v0.1 add Arabic and Farsi to "declared" options of
 babel
)
("C:\Program Files\MiKTeX 2.9\tex\latex\babel-german\german.ldf"
Language: german 2016/11/02 v2.9 German support for babel (traditional orthogra
phy)

("C:\Program Files\MiKTeX 2.9\tex\latex\babel-german\germanb.ldf"
Language: germanb 2016/11/02 v2.9 German support for babel (traditional orthogr
aphy)

("C:\Program Files\MiKTeX 2.9\tex\generic\babel\babel.def"
File: babel.def 2018/01/24 3.17 Babel common definitions

("C:\Program Files\MiKTeX 2.9\tex\generic\babel\switch.def"
File: switch.def 2018/01/24 3.17 Babel switching mechanism
)
\babel@savecnt=\count88
\U@D=\dimen106

("C:\Program Files\MiKTeX 2.9\tex\generic\babel\txtbabel.def")
\bbl@dirlevel=\count89
)
Package babel Info: Making " an active character on input line 139.
)))
("C:\Program Files\MiKTeX 2.9\tex\latex\ltxmisc\parskip.sty"
Package: parskip 2001/04/09 non-zero parskip adjustments
)
("C:\Program Files\MiKTeX 2.9\tex\latex\fancyhdr\fancyhdr.sty"
Package: fancyhdr 2017/06/30 v3.9a Extensive control of page headers and footer
s
\f@nch@headwidth=\skip43
\f@nch@O@elh=\skip44
\f@nch@O@erh=\skip45
\f@nch@O@olh=\skip46
\f@nch@O@orh=\skip47
\f@nch@O@elf=\skip48
\f@nch@O@erf=\skip49
\f@nch@O@olf=\skip50
\f@nch@O@orf=\skip51
)
("C:\Program Files\MiKTeX 2.9\tex\latex\caption\caption.sty"
Package: caption 2018/10/06 v3.3-154 Customizing captions (AR)

("C:\Program Files\MiKTeX 2.9\tex\latex\caption\caption3.sty"
Package: caption3 2018/09/12 v1.8c caption3 kernel (AR)
Package caption3 Info: TeX engine: e-TeX on input line 64.
\captionmargin=\dimen107
\captionmargin@=\dimen108
\captionwidth=\dimen109
\caption@tempdima=\dimen110
\caption@indent=\dimen111
\caption@parindent=\dimen112
\caption@hangindent=\dimen113
)
\c@caption@flags=\count90
\c@ContinuedFloat=\count91
)
("C:\Program Files\MiKTeX 2.9\tex\latex\graphics\color.sty"
Package: color 2016/07/10 v1.1e Standard LaTeX Color (DPC)

("C:\Program Files\MiKTeX 2.9\tex\latex\graphics-cfg\color.cfg"
File: color.cfg 2016/01/02 v1.6 sample color configuration
)
Package color Info: Driver file: pdftex.def on input line 147.

("C:\Program Files\MiKTeX 2.9\tex\latex\graphics-def\pdftex.def"
File: pdftex.def 2018/01/08 v1.0l Graphics/color driver for pdftex
))
("C:\Program Files\MiKTeX 2.9\tex\latex\multirow\multirow.sty"
Package: multirow 2016/11/25 v2.2 Span multiple rows of a table
\multirow@colwidth=\skip52
\multirow@cntb=\count92
\multirow@dima=\skip53
\bigstrutjot=\dimen114
)
("C:\Program Files\MiKTeX 2.9\tex\latex\natbib\natbib.sty"
Package: natbib 2010/09/13 8.31b (PWD, AO)
\bibhang=\skip54
\bibsep=\skip55
LaTeX Info: Redefining \cite on input line 694.
\c@NAT@ctr=\count93
)
("C:\Program Files\MiKTeX 2.9\tex\latex\pdfpages\pdfpages.sty"
Package: pdfpages 2017/10/31 v0.5l Insert pages of external PDF documents (AM)

("C:\Program Files\MiKTeX 2.9\tex\latex\base\ifthen.sty"
Package: ifthen 2014/09/29 v1.1c Standard LaTeX ifthen package (DPC)
)
("C:\Program Files\MiKTeX 2.9\tex\latex\tools\calc.sty"
Package: calc 2014/10/28 v4.3 Infix arithmetic (KKT,FJ)
\calc@Acount=\count94
\calc@Bcount=\count95
\calc@Adimen=\dimen115
\calc@Bdimen=\dimen116
\calc@Askip=\skip56
\calc@Bskip=\skip57
LaTeX Info: Redefining \setlength on input line 80.
LaTeX Info: Redefining \addtolength on input line 81.
\calc@Ccount=\count96
\calc@Cskip=\skip58
)
("C:\Program Files\MiKTeX 2.9\tex\latex\eso-pic\eso-pic.sty"
Package: eso-pic 2015/07/21 v2.0g eso-pic (RN)

("C:\Program Files\MiKTeX 2.9\tex\generic\oberdiek\atbegshi.sty"
Package: atbegshi 2016/06/09 v1.18 At begin shipout hook (HO)

("C:\Program Files\MiKTeX 2.9\tex\generic\oberdiek\infwarerr.sty"
Package: infwarerr 2016/05/16 v1.4 Providing info/warning/error messages (HO)
)
("C:\Program Files\MiKTeX 2.9\tex\generic\oberdiek\ltxcmds.sty"
Package: ltxcmds 2016/05/16 v1.23 LaTeX kernel commands for general use (HO)
)
("C:\Program Files\MiKTeX 2.9\tex\generic\oberdiek\ifpdf.sty"
Package: ifpdf 2017/03/15 v3.2 Provides the ifpdf switch
)))
\AM@pagewidth=\dimen117
\AM@pageheight=\dimen118

("C:\Program Files\MiKTeX 2.9\tex\latex\pdfpages\pppdftex.def"
File: pppdftex.def 2017/10/31 v0.5l Pdfpages driver for pdfTeX (AM)
)
\AM@pagebox=\box26
\AM@global@opts=\toks17
\AM@toc@title=\toks18
\c@AM@survey=\count97
\AM@templatesizebox=\box27
)
("C:\Program Files\MiKTeX 2.9\tex\latex\amsmath\amsmath.sty"
Package: amsmath 2017/09/02 v2.17a AMS math features
\@mathmargin=\skip59

For additional information on amsmath, use the `?' option.
("C:\Program Files\MiKTeX 2.9\tex\latex\amsmath\amstext.sty"
Package: amstext 2000/06/29 v2.01 AMS text

("C:\Program Files\MiKTeX 2.9\tex\latex\amsmath\amsgen.sty"
File: amsgen.sty 1999/11/30 v2.0 generic functions
\@emptytoks=\toks19
\ex@=\dimen119
))
("C:\Program Files\MiKTeX 2.9\tex\latex\amsmath\amsbsy.sty"
Package: amsbsy 1999/11/29 v1.2d Bold Symbols
\pmbraise@=\dimen120
)
("C:\Program Files\MiKTeX 2.9\tex\latex\amsmath\amsopn.sty"
Package: amsopn 2016/03/08 v2.02 operator names
)
\inf@bad=\count98
LaTeX Info: Redefining \frac on input line 213.
\uproot@=\count99
\leftroot@=\count100
LaTeX Info: Redefining \overline on input line 375.
\classnum@=\count101
\DOTSCASE@=\count102
LaTeX Info: Redefining \ldots on input line 472.
LaTeX Info: Redefining \dots on input line 475.
LaTeX Info: Redefining \cdots on input line 596.
\Mathstrutbox@=\box28
\strutbox@=\box29
\big@size=\dimen121
LaTeX Font Info:    Redeclaring font encoding OML on input line 712.
LaTeX Font Info:    Redeclaring font encoding OMS on input line 713.
\macc@depth=\count103
\c@MaxMatrixCols=\count104
\dotsspace@=\muskip10
\c@parentequation=\count105
\dspbrk@lvl=\count106
\tag@help=\toks20
\row@=\count107
\column@=\count108
\maxfields@=\count109
\andhelp@=\toks21
\eqnshift@=\dimen122
\alignsep@=\dimen123
\tagshift@=\dimen124
\tagwidth@=\dimen125
\totwidth@=\dimen126
\lineht@=\dimen127
\@envbody=\toks22
\multlinegap=\skip60
\multlinetaggap=\skip61
\mathdisplay@stack=\toks23
LaTeX Info: Redefining \[ on input line 2817.
LaTeX Info: Redefining \] on input line 2818.
)
("C:\Program Files\MiKTeX 2.9\tex\latex\amscls\amsthm.sty"
Package: amsthm 2017/10/31 v2.20.4
\thm@style=\toks24
\thm@bodyfont=\toks25
\thm@headfont=\toks26
\thm@notefont=\toks27
\thm@headpunct=\toks28
\thm@preskip=\skip62
\thm@postskip=\skip63
\thm@headsep=\skip64
\dth@everypar=\toks29
)
("C:\Program Files\MiKTeX 2.9\tex\latex\amsfonts\amsfonts.sty"
Package: amsfonts 2013/01/14 v3.01 Basic AMSFonts support
\symAMSa=\mathgroup4
\symAMSb=\mathgroup5
LaTeX Font Info:    Overwriting math alphabet `\mathfrak' in version `bold'
(Font)                  U/euf/m/n --> U/euf/b/n on input line 106.
)
("C:\Program Files\MiKTeX 2.9\tex\latex\amsfonts\amssymb.sty"
Package: amssymb 2013/01/14 v3.01 AMS font symbols
)
("C:\Program Files\MiKTeX 2.9\tex\latex\siunitx\siunitx.sty"
("C:\Program Files\MiKTeX 2.9\tex\latex\l3kernel\expl3.sty"
Package: expl3 2017/12/16 L3 programming layer (loader) 

("C:\Program Files\MiKTeX 2.9\tex\latex\l3kernel\expl3-code.tex"
Package: expl3 2017/12/16 L3 programming layer (code)
\c_max_int=\count110
\l_tmpa_int=\count111
\l_tmpb_int=\count112
\g_tmpa_int=\count113
\g_tmpb_int=\count114
\g__intarray_font_int=\count115
\g__prg_map_int=\count116
\c_log_iow=\count117
\l_iow_line_count_int=\count118
\l__iow_line_target_int=\count119
\l__iow_one_indent_int=\count120
\l__iow_indent_int=\count121
\c_zero_dim=\dimen128
\c_max_dim=\dimen129
\l_tmpa_dim=\dimen130
\l_tmpb_dim=\dimen131
\g_tmpa_dim=\dimen132
\g_tmpb_dim=\dimen133
\c_zero_skip=\skip65
\c_max_skip=\skip66
\l_tmpa_skip=\skip67
\l_tmpb_skip=\skip68
\g_tmpa_skip=\skip69
\g_tmpb_skip=\skip70
\c_zero_muskip=\muskip11
\c_max_muskip=\muskip12
\l_tmpa_muskip=\muskip13
\l_tmpb_muskip=\muskip14
\g_tmpa_muskip=\muskip15
\g_tmpb_muskip=\muskip16
\l_keys_choice_int=\count122
\c__fp_leading_shift_int=\count123
\c__fp_middle_shift_int=\count124
\c__fp_trailing_shift_int=\count125
\c__fp_big_leading_shift_int=\count126
\c__fp_big_middle_shift_int=\count127
\c__fp_big_trailing_shift_int=\count128
\c__fp_Bigg_leading_shift_int=\count129
\c__fp_Bigg_middle_shift_int=\count130
\c__fp_Bigg_trailing_shift_int=\count131
\c__fp_rand_size_int=\count132
\c__fp_rand_four_int=\count133
\c__fp_rand_eight_int=\count134
\l__sort_length_int=\count135
\l__sort_min_int=\count136
\l__sort_top_int=\count137
\l__sort_max_int=\count138
\l__sort_true_max_int=\count139
\l__sort_block_int=\count140
\l__sort_begin_int=\count141
\l__sort_end_int=\count142
\l__sort_A_int=\count143
\l__sort_B_int=\count144
\l__sort_C_int=\count145
\l__tl_build_start_index_int=\count146
\l__tl_build_index_int=\count147
\l__tl_analysis_normal_int=\count148
\l__tl_analysis_index_int=\count149
\l__tl_analysis_nesting_int=\count150
\l__tl_analysis_type_int=\count151
\l__regex_internal_a_int=\count152
\l__regex_internal_b_int=\count153
\l__regex_internal_c_int=\count154
\l__regex_balance_int=\count155
\l__regex_group_level_int=\count156
\l__regex_mode_int=\count157
\c__regex_cs_in_class_mode_int=\count158
\c__regex_cs_mode_int=\count159
\l__regex_catcodes_int=\count160
\l__regex_default_catcodes_int=\count161
\c__regex_catcode_D_int=\count162
\c__regex_catcode_S_int=\count163
\c__regex_catcode_L_int=\count164
\c__regex_catcode_O_int=\count165
\c__regex_catcode_A_int=\count166
\c__regex_all_catcodes_int=\count167
\l__regex_show_lines_int=\count168
\l__regex_min_state_int=\count169
\l__regex_max_state_int=\count170
\l__regex_left_state_int=\count171
\l__regex_right_state_int=\count172
\l__regex_capturing_group_int=\count173
\l__regex_min_pos_int=\count174
\l__regex_max_pos_int=\count175
\l__regex_curr_pos_int=\count176
\l__regex_start_pos_int=\count177
\l__regex_success_pos_int=\count178
\l__regex_curr_char_int=\count179
\l__regex_curr_catcode_int=\count180
\l__regex_last_char_int=\count181
\l__regex_case_changed_char_int=\count182
\l__regex_curr_state_int=\count183
\l__regex_step_int=\count184
\l__regex_min_active_int=\count185
\l__regex_max_active_int=\count186
\l__regex_replacement_csnames_int=\count187
\l__regex_match_count_int=\count188
\l__regex_min_submatch_int=\count189
\l__regex_submatch_int=\count190
\l__regex_zeroth_submatch_int=\count191
\g__debug_trace_regex_int=\count192
\c_empty_box=\box30
\l_tmpa_box=\box31
\l_tmpb_box=\box32
\g_tmpa_box=\box33
\g_tmpb_box=\box34
\l__box_top_dim=\dimen134
\l__box_bottom_dim=\dimen135
\l__box_left_dim=\dimen136
\l__box_right_dim=\dimen137
\l__box_top_new_dim=\dimen138
\l__box_bottom_new_dim=\dimen139
\l__box_left_new_dim=\dimen140
\l__box_right_new_dim=\dimen141
\l__box_internal_box=\box35
\l__coffin_internal_box=\box36
\l__coffin_internal_dim=\dimen142
\l__coffin_offset_x_dim=\dimen143
\l__coffin_offset_y_dim=\dimen144
\l__coffin_x_dim=\dimen145
\l__coffin_y_dim=\dimen146
\l__coffin_x_prime_dim=\dimen147
\l__coffin_y_prime_dim=\dimen148
\c_empty_coffin=\box37
\l__coffin_aligned_coffin=\box38
\l__coffin_aligned_internal_coffin=\box39
\l_tmpa_coffin=\box40
\l_tmpb_coffin=\box41
\l__coffin_display_coffin=\box42
\l__coffin_display_coord_coffin=\box43
\l__coffin_display_pole_coffin=\box44
\l__coffin_display_offset_dim=\dimen149
\l__coffin_display_x_dim=\dimen150
\l__coffin_display_y_dim=\dimen151
\l__coffin_bounding_shift_dim=\dimen152
\l__coffin_left_corner_dim=\dimen153
\l__coffin_right_corner_dim=\dimen154
\l__coffin_bottom_corner_dim=\dimen155
\l__coffin_top_corner_dim=\dimen156
\l__coffin_scaled_total_height_dim=\dimen157
\l__coffin_scaled_width_dim=\dimen158
)
("C:\Program Files\MiKTeX 2.9\tex\latex\l3kernel\l3pdfmode.def"
File: l3pdfmode.def 2017/03/18 v L3 Experimental driver: PDF mode
\l__driver_color_stack_int=\count193
\l__driver_tmp_box=\box45
))
("C:\Program Files\MiKTeX 2.9\tex\latex\l3packages\xparse\xparse.sty"
Package: xparse 2017/12/16 L3 Experimental document command parser
\l__xparse_current_arg_int=\count194
\g__xparse_grabber_int=\count195
\l__xparse_m_args_int=\count196
\l__xparse_mandatory_args_int=\count197
\l__xparse_v_nesting_int=\count198
)
Package: siunitx 2017/11/26 v2.7k A comprehensive (SI) units package

("C:\Program Files\MiKTeX 2.9\tex\latex\tools\array.sty"
Package: array 2016/10/06 v2.4d Tabular extension package (FMi)
\col@sep=\dimen159
\extrarowheight=\dimen160
\NC@list=\toks30
\extratabsurround=\skip71
\backup@length=\skip72
)
("C:\Program Files\MiKTeX 2.9\tex\latex\l3packages\l3keys2e\l3keys2e.sty"
Package: l3keys2e 2017/12/16 LaTeX2e option processing using LaTeX3 keys
)
\l__siunitx_tmp_box=\box46
\l__siunitx_tmp_dim=\dimen161
\l__siunitx_tmp_int=\count199
\l__siunitx_number_mantissa_length_int=\count266
\l__siunitx_number_uncert_length_int=\count267
\l__siunitx_round_int=\count268
\l__siunitx_process_decimal_int=\count269
\l__siunitx_process_uncertainty_int=\count270
\l__siunitx_process_fixed_int=\count271
\l__siunitx_process_integer_min_int=\count272
\l__siunitx_process_precision_int=\count273
\l__siunitx_group_min_int=\count274
\l__siunitx_angle_marker_box=\box47
\l__siunitx_angle_unit_box=\box48
\l__siunitx_angle_marker_dim=\dimen162
\l__siunitx_angle_unit_dim=\dimen163
\l__siunitx_unit_int=\count275
\l__siunitx_unit_denominator_int=\count276
\l__siunitx_unit_numerator_int=\count277
\l__siunitx_unit_prefix_int=\count278
\l__siunitx_unit_prefix_base_int=\count279
\l__siunitx_unit_prefix_gram_int=\count280
\l__siunitx_number_product_int=\count281
\c__siunitx_one_fill_skip=\skip73
\l__siunitx_table_unit_align_skip=\skip74
\l__siunitx_table_exponent_dim=\dimen164
\l__siunitx_table_integer_dim=\dimen165
\l__siunitx_table_mantissa_dim=\dimen166
\l__siunitx_table_marker_dim=\dimen167
\l__siunitx_table_result_dim=\dimen168
\l__siunitx_table_uncert_dim=\dimen169
\l__siunitx_table_fill_pre_dim=\dimen170
\l__siunitx_table_fill_post_dim=\dimen171
\l__siunitx_table_fill_mid_dim=\dimen172
\l__siunitx_table_pre_box=\box49
\l__siunitx_table_post_box=\box50
\l__siunitx_table_mantissa_box=\box51
\l__siunitx_table_result_box=\box52
\l__siunitx_table_number_align_skip=\skip75
\l__siunitx_table_text_align_skip=\skip76
.................................................
. LaTeX info: "xparse/define-command"
. 
. Defining command \DeclareBinaryPrefix with sig. 'mmm' on line 7250.
.................................................
.................................................
. LaTeX info: "xparse/define-command"
. 
. Defining command \DeclareSIPostPower with sig. 'mm' on line 7253.
.................................................
.................................................
. LaTeX info: "xparse/define-command"
. 
. Defining command \DeclareSIPrefix with sig. 'mmm' on line 7256.
.................................................
.................................................
. LaTeX info: "xparse/define-command"
. 
. Defining command \DeclareSIPrePower with sig. 'mm' on line 7259.
.................................................
.................................................
. LaTeX info: "xparse/define-command"
. 
. Defining command \DeclareSIQualifier with sig. 'mm' on line 7262.
.................................................
.................................................
. LaTeX info: "xparse/define-command"
. 
. Defining command \DeclareSIUnit with sig. 'O{}mm' on line 7265.
.................................................
.................................................
. LaTeX info: "xparse/define-command"
. 
. Defining command \DeclareSIUnitWithOptions with sig. 'mmm' on line 7268.
.................................................
.................................................
. LaTeX info: "xparse/define-command"
. 
. Defining command \ang with sig. 'o>{\SplitArgument {2}{;}}m' on line 7283.
.................................................
.................................................
. LaTeX info: "xparse/define-command"
. 
. Defining command \num with sig. 'om' on line 7292.
.................................................
.................................................
. LaTeX info: "xparse/define-command"
. 
. Defining command \numlist with sig. 'o>{\SplitList {;}}m' on line 7301.
.................................................
.................................................
. LaTeX info: "xparse/define-command"
. 
. Defining command \numrange with sig. 'omm' on line 7310.
.................................................
.................................................
. LaTeX info: "xparse/define-command"
. 
. Defining command \SIlist with sig. 'o>{\SplitList {;}}mm' on line 7322.
.................................................
.................................................
. LaTeX info: "xparse/define-command"
. 
. Defining command \SIrange with sig. 'ommm' on line 7334.
.................................................
.................................................
. LaTeX info: "xparse/define-command"
. 
. Defining command \SI with sig. 'omom' on line 7346.
.................................................
.................................................
. LaTeX info: "xparse/define-command"
. 
. Defining command \sisetup with sig. 'm' on line 7349.
.................................................
.................................................
. LaTeX info: "xparse/define-command"
. 
. Defining command \tablenum with sig. 'om' on line 7364.
.................................................
.................................................
. LaTeX info: "xparse/define-command"
. 
. Defining command \si with sig. 'om' on line 7376.
.................................................
.................................................
. LaTeX info: "xparse/define-command"
. 
. Defining command \numInBookmark with sig. 'om' on line 7423.
.................................................
.................................................
. LaTeX info: "xparse/define-command"
. 
. Defining command \numrangeInBookmark with sig. 'omm' on line 7425.
.................................................
.................................................
. LaTeX info: "xparse/define-command"
. 
. Defining command \SIInBookmark with sig. 'omom' on line 7427.
.................................................
.................................................
. LaTeX info: "xparse/define-command"
. 
. Defining command \SIlistInBookmark with sig. 'omm' on line 7429.
.................................................
.................................................
. LaTeX info: "xparse/define-command"
. 
. Defining command \SIrangeInBookmark with sig. 'ommm' on line 7431.
.................................................
.................................................
. LaTeX info: "xparse/define-command"
. 
. Defining command \siInBookmark with sig. 'om' on line 7432.
.................................................
\g__file_internal_ior=\read1

("C:\Program Files\MiKTeX 2.9\tex\latex\translator\translator.sty"
Package: translator 2018/01/04 v1.12 Easy translation of strings in LaTeX
))
("C:\Program Files\MiKTeX 2.9\tex\latex\booktabs\booktabs.sty"
Package: booktabs 2005/04/14 v1.61803 publication quality tables
\heavyrulewidth=\dimen173
\lightrulewidth=\dimen174
\cmidrulewidth=\dimen175
\belowrulesep=\dimen176
\belowbottomsep=\dimen177
\aboverulesep=\dimen178
\abovetopsep=\dimen179
\cmidrulesep=\dimen180
\cmidrulekern=\dimen181
\defaultaddspace=\dimen182
\@cmidla=\count282
\@cmidlb=\count283
\@aboverulesep=\dimen183
\@belowrulesep=\dimen184
\@thisruleclass=\count284
\@lastruleclass=\count285
\@thisrulewidth=\dimen185
)
("C:\Program Files\MiKTeX 2.9\tex\latex\caption\subcaption.sty"
Package: subcaption 2018/05/01 v1.1-162 Sub-captions (AR)
\c@subfigure=\count286
\c@subtable=\count287
) (main.aux
(00_frontpage.aux) (00_empty_page.aux) (00_abstract.aux) (00_empty_page.aux)
(00_nomenklatur.aux) (01_einleitung.aux) (02_grundlagen.aux)
(03_versuchsvorbereitung.aux) (04_widerstandsbestimmung.aux)
(05_windkanalversuche.aux) (06_versuchsauswertung.aux) (07_fazit.aux)
(anhang1.aux))
\openout1 = `main.aux'.

LaTeX Font Info:    Checking defaults for OML/cmm/m/it on input line 95.
LaTeX Font Info:    ... okay on input line 95.
LaTeX Font Info:    Checking defaults for T1/cmr/m/n on input line 95.
LaTeX Font Info:    ... okay on input line 95.
LaTeX Font Info:    Checking defaults for OT1/cmr/m/n on input line 95.
LaTeX Font Info:    ... okay on input line 95.
LaTeX Font Info:    Checking defaults for OMS/cmsy/m/n on input line 95.
LaTeX Font Info:    ... okay on input line 95.
LaTeX Font Info:    Checking defaults for OMX/cmex/m/n on input line 95.
LaTeX Font Info:    ... okay on input line 95.
LaTeX Font Info:    Checking defaults for U/cmr/m/n on input line 95.
LaTeX Font Info:    ... okay on input line 95.
Package caption Info: Begin \AtBeginDocument code.
Package caption Info: End \AtBeginDocument code.
 ("C:\Program Files\MiKTeX 2.9\tex\context\base\supp-pdf.mkii"
[Loading MPS to PDF converter (version 2006.09.02).]
\scratchcounter=\count288
\scratchdimen=\dimen186
\scratchbox=\box53
\nofMPsegments=\count289
\nofMParguments=\count290
\everyMPshowfont=\toks31
\MPscratchCnt=\count291
\MPscratchDim=\dimen187
\MPnumerator=\count292
\makeMPintoPDFobject=\count293
\everyMPtoPDFconversion=\toks32
) ("C:\Program Files\MiKTeX 2.9\tex\latex\oberdiek\epstopdf-base.sty"
Package: epstopdf-base 2016/05/15 v2.6 Base part for package epstopdf

("C:\Program Files\MiKTeX 2.9\tex\latex\oberdiek\grfext.sty"
Package: grfext 2016/05/16 v1.2 Manage graphics extensions (HO)

("C:\Program Files\MiKTeX 2.9\tex\generic\oberdiek\kvdefinekeys.sty"
Package: kvdefinekeys 2016/05/16 v1.4 Define keys (HO)
))
("C:\Program Files\MiKTeX 2.9\tex\latex\oberdiek\kvoptions.sty"
Package: kvoptions 2016/05/16 v3.12 Key value format for package options (HO)

("C:\Program Files\MiKTeX 2.9\tex\generic\oberdiek\kvsetkeys.sty"
Package: kvsetkeys 2016/05/16 v1.17 Key value parser (HO)

("C:\Program Files\MiKTeX 2.9\tex\generic\oberdiek\etexcmds.sty"
Package: etexcmds 2016/05/16 v1.6 Avoid name clashes with e-TeX commands (HO)

("C:\Program Files\MiKTeX 2.9\tex\generic\oberdiek\ifluatex.sty"
Package: ifluatex 2016/05/16 v1.4 Provides the ifluatex switch (HO)
Package ifluatex Info: LuaTeX not detected.
)
Package etexcmds Info: Could not find \expanded.
(etexcmds)             That can mean that you are not using pdfTeX 1.50 or
(etexcmds)             that some package has redefined \expanded.
(etexcmds)             In the latter case, load this package earlier.
)))
("C:\Program Files\MiKTeX 2.9\tex\generic\oberdiek\pdftexcmds.sty"
Package: pdftexcmds 2018/01/21 v0.26 Utility functions of pdfTeX for LuaTeX (HO
)
Package pdftexcmds Info: LuaTeX not detected.
Package pdftexcmds Info: \pdf@primitive is available.
Package pdftexcmds Info: \pdf@ifprimitive is available.
Package pdftexcmds Info: \pdfdraftmode found.
)
Package epstopdf-base Info: Redefining graphics rule for `.eps' on input line 4
38.
Package grfext Info: Graphics extension search list:
(grfext)             [.pdf,.png,.jpg,.mps,.jpeg,.jbig2,.jb2,.PDF,.PNG,.JPG,.JPE
G,.JBIG2,.JB2,.eps]
(grfext)             \AppendGraphicsExtensions on input line 456.
)
\AtBeginShipoutBox=\box54

("C:\Program Files\MiKTeX 2.9\tex\latex\oberdiek\pdflscape.sty"
Package: pdflscape 2016/05/14 v0.11 Display of landscape pages in PDF (HO)

("C:\Program Files\MiKTeX 2.9\tex\latex\graphics\lscape.sty"
Package: lscape 2000/10/22 v3.01 Landscape Pages (DPC)
)
Package pdflscape Info: Auto-detected driver: pdftex on input line 81.

("C:\Program Files\MiKTeX 2.9\tex\generic\ifxetex\ifxetex.sty"
Package: ifxetex 2010/09/12 v0.6 Provides ifxetex conditional
))
("C:\Program Files\MiKTeX 2.9\tex\latex\translator\translator-basic-dictionary-
English.dict"
Dictionary: translator-basic-dictionary, Language: English 
)
("C:\Program Files\MiKTeX 2.9\tex\latex\siunitx\siunitx-abbreviations.cfg"
File: siunitx-abbreviations.cfg 2017/11/26 v2.7k siunitx: Abbreviated units
)
\c__siunitx_mathsf_int=\count294
LaTeX Font Info:    Try loading font information for U+msa on input line 95.

("C:\Program Files\MiKTeX 2.9\tex\latex\amsfonts\umsa.fd"
File: umsa.fd 2013/01/14 v3.01 AMS symbols A
)
LaTeX Font Info:    Try loading font information for U+msb on input line 95.

("C:\Program Files\MiKTeX 2.9\tex\latex\amsfonts\umsb.fd"
File: umsb.fd 2013/01/14 v3.01 AMS symbols B
)
\c__siunitx_mathtt_int=\count295
\openout2 = `00_frontpage.aux'.

 (00_frontpage.tex
<./figures/TUBraunschweig_4C.pdf, id=1, 199.74625pt x 74.2775pt>
File: ./figures/TUBraunschweig_4C.pdf Graphic file (type pdf)
<use ./figures/TUBraunschweig_4C.pdf>
Package pdftex.def Info: ./figures/TUBraunschweig_4C.pdf  used on input line 11
.
(pdftex.def)             Requested size: 191.20168pt x 71.10384pt.

Overfull \hbox (49.65678pt too wide) in paragraph at lines 8--14
 [] 
 []


Overfull \hbox (19.45007pt too wide) in paragraph at lines 43--57
 [] 
 []

[1
Non-PDF special ignored!
<special> papersize=597.50787pt,845.04684pt


{C:/Users/Ti/AppData/Local/MiKTeX/2.9/pdftex/config/pdftex.map} <./figures/TUBr
aunschweig_4C.pdf>])
\openout2 = `00_empty_page.aux'.

 (00_empty_page.tex) [2


]
\openout2 = `00_abstract.aux'.

 (00_abstract.tex) [1



]
\openout2 = `00_empty_page.aux'.


(00_empty_page.tex) [2


] (main.toc [3


])
\tf@toc=\write3
\openout3 = `main.toc'.



Package Fancyhdr Warning: \headheight is too small (12.0pt): 
 Make it at least 13.59999pt.
 We now make it that large for the rest of the document.
 This may cause the page layout to be inconsistent, however.

[4]
\openout2 = `00_nomenklatur.aux'.

 (00_nomenklatur.tex [5


])

Package Fancyhdr Warning: \headheight is too small (12.0pt): 
 Make it at least 13.59999pt.
 We now make it that large for the rest of the document.
 This may cause the page layout to be inconsistent, however.

[6]
\openout2 = `01_einleitung.aux'.

 (01_einleitung.tex
Kapitel 1.
) [1



]
\openout2 = `02_grundlagen.aux'.

 (02_grundlagen.tex
Kapitel 2.
<figures/HuchoDV013.jpg, id=45, 862.72313pt x 462.97969pt>
File: figures/HuchoDV013.jpg Graphic file (type jpg)
<use figures/HuchoDV013.jpg>
Package pdftex.def Info: figures/HuchoDV013.jpg  used on input line 30.
(pdftex.def)             Requested size: 204.85844pt x 109.93056pt.
<figures/HuchoDV026.jpg, id=46, 416.30531pt x 225.09094pt>
File: figures/HuchoDV026.jpg Graphic file (type jpg)
<use figures/HuchoDV026.jpg>
Package pdftex.def Info: figures/HuchoDV026.jpg  used on input line 34.
(pdftex.def)             Requested size: 204.85844pt x 110.76605pt.
<figures/HuchoDV05.jpg, id=47, 414.79968pt x 225.09094pt>
File: figures/HuchoDV05.jpg Graphic file (type jpg)
<use figures/HuchoDV05.jpg>
Package pdftex.def Info: figures/HuchoDV05.jpg  used on input line 38.
(pdftex.def)             Requested size: 204.85844pt x 111.16447pt.

LaTeX Warning: `h' float specifier changed to `ht'.

[2



]
<figures/HuchoschlankerKorper.jpg, id=52, 318.43968pt x 175.40532pt>
File: figures/HuchoschlankerKorper.jpg Graphic file (type jpg)
<use figures/HuchoschlankerKorper.jpg>
Package pdftex.def Info: figures/HuchoschlankerKorper.jpg  used on input line 5
9.
(pdftex.def)             Requested size: 227.62204pt x 125.37904pt.


LaTeX Warning: `h' float specifier changed to `ht'.

<figures/HuchoStumpferKorper.jpg, id=53, 307.1475pt x 177.66376pt>
File: figures/HuchoStumpferKorper.jpg Graphic file (type jpg)
<use figures/HuchoStumpferKorper.jpg>
Package pdftex.def Info: figures/HuchoStumpferKorper.jpg  used on input line 66
.
(pdftex.def)             Requested size: 227.62204pt x 131.66429pt.

LaTeX Warning: `h' float specifier changed to `ht'.


Underfull \vbox (badness 10000) has occurred while \output is active []



Package Fancyhdr Warning: \headheight is too small (12.0pt): 
 Make it at least 13.59999pt.
 We now make it that large for the rest of the document.
 This may cause the page layout to be inconsistent, however.

[3 <./figures/HuchoDV013.jpg> <./figures/HuchoDV026.jpg> <./figures/HuchoDV05.j
pg>]
<figures/Nachlauf.jpg, id=59, 406.51875pt x 138.5175pt>
File: figures/Nachlauf.jpg Graphic file (type jpg)
<use figures/Nachlauf.jpg>
Package pdftex.def Info: figures/Nachlauf.jpg  used on input line 88.
(pdftex.def)             Requested size: 318.66946pt x 108.5864pt.

Underfull \vbox (badness 5446) has occurred while \output is active []



Package Fancyhdr Warning: \headheight is too small (12.0pt): 
 Make it at least 13.59999pt.
 We now make it that large for the rest of the document.
 This may cause the page layout to be inconsistent, however.

[4 <./figures/HuchoschlankerKorper.jpg> <./figures/HuchoStumpferKorper.jpg> <./
figures/Nachlauf.jpg>]
<figures/coanda.jpg, id=63, 325.96782pt x 373.395pt>
File: figures/coanda.jpg Graphic file (type jpg)
<use figures/coanda.jpg>
Package pdftex.def Info: figures/coanda.jpg  used on input line 107.
(pdftex.def)             Requested size: 227.62204pt x 260.74799pt.

Underfull \hbox (badness 10000) in paragraph at lines 117--118

 []

<figures/Wandstrahl.jpg, id=64, 1070.49937pt x 547.2947pt>
File: figures/Wandstrahl.jpg Graphic file (type jpg)
<use figures/Wandstrahl.jpg>
Package pdftex.def Info: figures/Wandstrahl.jpg  used on input line 121.
(pdftex.def)             Requested size: 409.71689pt x 209.46898pt.

Package natbib Warning: Citation `Riedel.1973' on page 5 undefined on input lin
e 122.


Package natbib Warning: Citation `Riedel.1973' on page 5 undefined on input lin
e 122.


LaTeX Warning: `h' float specifier changed to `ht'.


Package natbib Warning: Citation `Riedel.1973' on page 5 undefined on input lin
e 129.


Package Fancyhdr Warning: \headheight is too small (12.0pt): 
 Make it at least 13.59999pt.
 We now make it that large for the rest of the document.
 This may cause the page layout to be inconsistent, however.

[5 <./figures/coanda.jpg>]

Package natbib Warning: Citation `Fischer.2011' on page 6 undefined on input li
ne 131.


Package natbib Warning: Citation `Fischer.2011' on page 6 undefined on input li
ne 131.


Package Fancyhdr Warning: \headheight is too small (12.0pt): 
 Make it at least 13.59999pt.
 We now make it that large for the rest of the document.
 This may cause the page layout to be inconsistent, however.

[6 <./figures/Wandstrahl.jpg>]
Underfull \hbox (badness 10000) in paragraph at lines 144--147

 []

<figures/KorperBearman.jpg, id=74, 210.03468pt x 93.34875pt>
File: figures/KorperBearman.jpg Graphic file (type jpg)
<use figures/KorperBearman.jpg>
Package pdftex.def Info: figures/KorperBearman.jpg  used on input line 152.
(pdftex.def)             Requested size: 227.62204pt x 101.16553pt.
<figures/KorperGeropp.jpg, id=75, 290.20921pt x 209.28188pt>
File: figures/KorperGeropp.jpg Graphic file (type jpg)
<use figures/KorperGeropp.jpg>
Package pdftex.def Info: figures/KorperGeropp.jpg  used on input line 162.
(pdftex.def)             Requested size: 227.62204pt x 164.14929pt.

Package Fancyhdr Warning: \headheight is too small (12.0pt): 
 Make it at least 13.59999pt.
 We now make it that large for the rest of the document.
 This may cause the page layout to be inconsistent, however.

[7 <./figures/KorperBearman.jpg> <./figures/KorperGeropp.jpg>]
<figures/KorperBarros.jpg, id=79, 334.62515pt x 163.73672pt>
File: figures/KorperBarros.jpg Graphic file (type jpg)
<use figures/KorperBarros.jpg>
Package pdftex.def Info: figures/KorperBarros.jpg  used on input line 173.
(pdftex.def)             Requested size: 318.66946pt x 155.94124pt.
<figures/KoerperModi3.jpg, id=80, 240.14719pt x 73.77562pt>
File: figures/KoerperModi3.jpg Graphic file (type jpg)
<use figures/KoerperModi3.jpg>
Package pdftex.def Info: figures/KoerperModi3.jpg  used on input line 183.
(pdftex.def)             Requested size: 273.14922pt x 83.92155pt.
<figures/ModiStr1.jpg, id=81, 199.49532pt x 293.97328pt>
File: figures/ModiStr1.jpg Graphic file (type jpg)
<use figures/ModiStr1.jpg>
Package pdftex.def Info: figures/ModiStr1.jpg  used on input line 191.
(pdftex.def)             Requested size: 127.46584pt x 187.83273pt.
<figures/ModiStr2.jpg, id=82, 198.7425pt x 287.95078pt>
File: figures/ModiStr2.jpg Graphic file (type jpg)
<use figures/ModiStr2.jpg>
Package pdftex.def Info: figures/ModiStr2.jpg  used on input line 194.
(pdftex.def)             Requested size: 127.46584pt x 184.6877pt.


LaTeX Warning: `h' float specifier changed to `ht'.

<figures/KorperModi.jpg, id=83, 500.24391pt x 150.9389pt>
File: figures/KorperModi.jpg Graphic file (type jpg)
<use figures/KorperModi.jpg>
Package pdftex.def Info: figures/KorperModi.jpg  used on input line 203.
(pdftex.def)             Requested size: 273.14922pt x 82.42012pt.
<figures/KoerperModi2.jpg, id=84, 488.57532pt x 130.23656pt>
File: figures/KoerperModi2.jpg Graphic file (type jpg)
<use figures/KoerperModi2.jpg>
Package pdftex.def Info: figures/KoerperModi2.jpg  used on input line 225.
(pdftex.def)             Requested size: 227.62204pt x 60.67662pt.

LaTeX Warning: `h' float specifier changed to `ht'.


Package Fancyhdr Warning: \headheight is too small (12.0pt): 
 Make it at least 13.59999pt.
 We now make it that large for the rest of the document.
 This may cause the page layout to be inconsistent, however.

[8 <./figures/KorperBarros.jpg> <./figures/KoerperModi3.jpg>]

LaTeX Warning: `h' float specifier changed to `ht'.

<figures/KoerperGong.jpg, id=88, 197.23688pt x 160.34906pt>
File: figures/KoerperGong.jpg Graphic file (type jpg)
<use figures/KoerperGong.jpg>
Package pdftex.def Info: figures/KoerperGong.jpg  used on input line 235.
(pdftex.def)             Requested size: 227.62204pt x 185.05325pt.

LaTeX Warning: `h' float specifier changed to `ht'.


Package Fancyhdr Warning: \headheight is too small (12.0pt): 
 Make it at least 13.59999pt.
 We now make it that large for the rest of the document.
 This may cause the page layout to be inconsistent, however.

[9 <./figures/ModiStr1.jpg> <./figures/ModiStr2.jpg> <./figures/KorperModi.jpg>
])

Package Fancyhdr Warning: \headheight is too small (12.0pt): 
 Make it at least 13.59999pt.
 We now make it that large for the rest of the document.
 This may cause the page layout to be inconsistent, however.

[10 <./figures/KoerperModi2.jpg> <./figures/KoerperGong.jpg>]
\openout2 = `03_versuchsvorbereitung.aux'.


(03_versuchsvorbereitung.tex
Kapitel 3.

Underfull \hbox (badness 10000) in paragraph at lines 3--5

 []

<figures/ModellSchema.jpg, id=95, 569.0058pt x 143.5764pt>
File: figures/ModellSchema.jpg Graphic file (type jpg)
<use figures/ModellSchema.jpg>
Package pdftex.def Info: figures/ModellSchema.jpg  used on input line 8.
(pdftex.def)             Requested size: 364.19664pt x 91.89732pt.
<figures/Walze1Graphik.jpg, id=96, 284.262pt x 341.5962pt>
File: figures/Walze1Graphik.jpg Graphic file (type jpg)
<use figures/Walze1Graphik.jpg>
Package pdftex.def Info: figures/Walze1Graphik.jpg  used on input line 44.
(pdftex.def)             Requested size: 145.67642pt x 175.06136pt.
<figures/Walze2Graphik.jpg, id=97, 284.7438pt x 341.5962pt>
File: figures/Walze2Graphik.jpg Graphic file (type jpg)
<use figures/Walze2Graphik.jpg>
Package pdftex.def Info: figures/Walze2Graphik.jpg  used on input line 47.
(pdftex.def)             Requested size: 145.67642pt x 174.76425pt.

Underfull \hbox (badness 10000) in paragraph at lines 22--52

 []

[11



 <./figures/ModellSchema.jpg>]
<figures/Spaltverlauf1.jpg, id=102, 399.894pt x 218.7372pt>
File: figures/Spaltverlauf1.jpg Graphic file (type jpg)
<use figures/Spaltverlauf1.jpg>
Package pdftex.def Info: figures/Spaltverlauf1.jpg  used on input line 69.
(pdftex.def)             Requested size: 318.66946pt x 174.31577pt.
<figures/Spaltverlauf2.jpg, id=103, 394.1124pt x 218.7372pt>
File: figures/Spaltverlauf2.jpg Graphic file (type jpg)
<use figures/Spaltverlauf2.jpg>
Package pdftex.def Info: figures/Spaltverlauf2.jpg  used on input line 72.
(pdftex.def)             Requested size: 318.66946pt x 176.87242pt.


LaTeX Warning: `h' float specifier changed to `ht'.

<figures/SignalWalze1.jpg, id=104, 129.6042pt x 21.681pt>
File: figures/SignalWalze1.jpg Graphic file (type jpg)
<use figures/SignalWalze1.jpg>
Package pdftex.def Info: figures/SignalWalze1.jpg  used on input line 81.
(pdftex.def)             Requested size: 273.14575pt x 45.69684pt.

Overfull \hbox (45.52371pt too wide) in paragraph at lines 81--82
[][] 
 []

<figures/SignalWalze2.jpg, id=105, 124.3044pt x 21.681pt>
File: figures/SignalWalze2.jpg Graphic file (type jpg)
<use figures/SignalWalze2.jpg>
Package pdftex.def Info: figures/SignalWalze2.jpg  used on input line 84.
(pdftex.def)             Requested size: 273.14575pt x 47.65036pt.

Overfull \hbox (45.52371pt too wide) in paragraph at lines 84--85
[][] 
 []


LaTeX Warning: `h' float specifier changed to `ht'.


Package Fancyhdr Warning: \headheight is too small (12.0pt): 
 Make it at least 13.59999pt.
 We now make it that large for the rest of the document.
 This may cause the page layout to be inconsistent, however.

[12 <./figures/Walze1Graphik.jpg> <./figures/Walze2Graphik.jpg>]
Overfull \hbox (8.83992pt too wide) in paragraph at lines 124--135
 [][] 
 []


LaTeX Warning: `!h' float specifier changed to `!ht'.


Package Fancyhdr Warning: \headheight is too small (12.0pt): 
 Make it at least 13.59999pt.
 We now make it that large for the rest of the document.
 This may cause the page layout to be inconsistent, however.

[13 <./figures/Spaltverlauf1.jpg> <./figures/Spaltverlauf2.jpg>]
Underfull \hbox (badness 10000) in paragraph at lines 140--141

 []

<figures/Integrationsskript.jpg, id=113, 405.38953pt x 405.01312pt>
File: figures/Integrationsskript.jpg Graphic file (type jpg)
<use figures/Integrationsskript.jpg>
Package pdftex.def Info: figures/Integrationsskript.jpg  used on input line 147
.
(pdftex.def)             Requested size: 364.19664pt x 363.8657pt.

Underfull \hbox (badness 10000) in paragraph at lines 144--151

 []


LaTeX Warning: `h' float specifier changed to `ht'.

)

Package Fancyhdr Warning: \headheight is too small (12.0pt): 
 Make it at least 13.59999pt.
 We now make it that large for the rest of the document.
 This may cause the page layout to be inconsistent, however.

[14 <./figures/SignalWalze1.jpg> <./figures/SignalWalze2.jpg>]

Package Fancyhdr Warning: \headheight is too small (12.0pt): 
 Make it at least 13.59999pt.
 We now make it that large for the rest of the document.
 This may cause the page layout to be inconsistent, however.

[15 <./figures/Integrationsskript.jpg>]
\openout2 = `04_widerstandsbestimmung.aux'.

 (04_widerstandsbestimmung.tex
Kapitel 4.
[16



]
<figures/KontrollvolumenHucho.png, id=123, 346.29375pt x 234.1247pt>
File: figures/KontrollvolumenHucho.png Graphic file (type png)
<use figures/KontrollvolumenHucho.png>
Package pdftex.def Info: figures/KontrollvolumenHucho.png  used on input line 3
3.
(pdftex.def)             Requested size: 227.62204pt x 153.89401pt.

Underfull \hbox (badness 2469) in paragraph at lines 34--34
[][]|\T1/cmr/m/n/10.95 Kon-troll-vo-lu-men K um einen Kör-per mit Ge-schwin-dig
-keits-ver-tei-lun-gen
 []


Package Fancyhdr Warning: \headheight is too small (12.0pt): 
 Make it at least 13.59999pt.
 We now make it that large for the rest of the document.
 This may cause the page layout to be inconsistent, however.

[17 <./figures/KontrollvolumenHucho.png>]

Package Fancyhdr Warning: \headheight is too small (12.0pt): 
 Make it at least 13.59999pt.
 We now make it that large for the rest of the document.
 This may cause the page layout to be inconsistent, however.

[18]

LaTeX Warning: Reference `C_w-Code' on page 19 undefined on input line 147.


LaTeX Warning: Reference `eq:eq:momentum-coeff-oscill' on page 19 undefined on 
input line 168.


LaTeX Warning: Reference `s:zahnform' on page 19 undefined on input line 171.


Package Fancyhdr Warning: \headheight is too small (12.0pt): 
 Make it at least 13.59999pt.
 We now make it that large for the rest of the document.
 This may cause the page layout to be inconsistent, however.

[19]

Package Fancyhdr Warning: \headheight is too small (12.0pt): 
 Make it at least 13.59999pt.
 We now make it that large for the rest of the document.
 This may cause the page layout to be inconsistent, however.

[20]

Package Fancyhdr Warning: \headheight is too small (12.0pt): 
 Make it at least 13.59999pt.
 We now make it that large for the rest of the document.
 This may cause the page layout to be inconsistent, however.

[21])

Package Fancyhdr Warning: \headheight is too small (12.0pt): 
 Make it at least 13.59999pt.
 We now make it that large for the rest of the document.
 This may cause the page layout to be inconsistent, however.

[22]
\openout2 = `05_windkanalversuche.aux'.

 (05_windkanalversuche.tex
Kapitel 5.
<figures/windkanal1.jpg, id=146, 4625.28pt x 2601.72pt>
File: figures/windkanal1.jpg Graphic file (type jpg)
<use figures/windkanal1.jpg>
Package pdftex.def Info: figures/windkanal1.jpg  used on input line 11.
(pdftex.def)             Requested size: 227.62204pt x 128.02927pt.
<figures/windkanal2.jpg, id=147, 4625.28pt x 2601.72pt>
File: figures/windkanal2.jpg Graphic file (type jpg)
<use figures/windkanal2.jpg>
Package pdftex.def Info: figures/windkanal2.jpg  used on input line 14.
(pdftex.def)             Requested size: 227.62204pt x 128.02927pt.
[23



 <./figures/windkanal1.jpg> <./figures/windkanal2.jpg>]
LaTeX Font Info:    Try loading font information for TS1+cmr on input line 27.

("C:\Program Files\MiKTeX 2.9\tex\latex\base\ts1cmr.fd"
File: ts1cmr.fd 2014/09/29 v2.5h Standard LaTeX font definitions
))

Package Fancyhdr Warning: \headheight is too small (12.0pt): 
 Make it at least 13.59999pt.
 We now make it that large for the rest of the document.
 This may cause the page layout to be inconsistent, however.

[24]
\openout2 = `06_versuchsauswertung.aux'.

 (06_versuchsauswertung.tex
Kapitel 6.
<figures/Oberflaechendruckverteilung50.jpg, id=156, 562.1pt x 421.575pt>
File: figures/Oberflaechendruckverteilung50.jpg Graphic file (type jpg)
<use figures/Oberflaechendruckverteilung50.jpg>
Package pdftex.def Info: figures/Oberflaechendruckverteilung50.jpg  used on inp
ut line 17.
(pdftex.def)             Requested size: 364.19664pt x 273.14565pt.
[25



 <./figures/Oberflaechendruckverteilung50.jpg>])

Package Fancyhdr Warning: \headheight is too small (12.0pt): 
 Make it at least 13.59999pt.
 We now make it that large for the rest of the document.
 This may cause the page layout to be inconsistent, however.

[26]
\openout2 = `07_fazit.aux'.

 (07_fazit.tex
Kapitel 7.
) [27



] (main.bbl [28


])

Package Fancyhdr Warning: \headheight is too small (12.0pt): 
 Make it at least 13.59999pt.
 We now make it that large for the rest of the document.
 This may cause the page layout to be inconsistent, however.

[29] (main.lof

Package natbib Warning: Citation `Riedel.1973' on page 30 undefined on input li
ne 12.

)
\tf@lof=\write4
\openout4 = `main.lof'.

 [30

] (main.lot)
\tf@lot=\write5
\openout5 = `main.lot'.

 [31

]
\openout2 = `anhang1.aux'.

 (anhang1.tex
Anhang A.
<./figures/DrawingInnenwelle.pdf, id=179, 845.0471pt x 597.51233pt>
File: ./figures/DrawingInnenwelle.pdf Graphic file (type pdf)
<use ./figures/DrawingInnenwelle.pdf>
Package pdftex.def Info: ./figures/DrawingInnenwelle.pdf  used on input line 4.

(pdftex.def)             Requested size: 845.04504pt x 597.51086pt.
File: ./figures/DrawingInnenwelle.pdf Graphic file (type pdf)
<use ./figures/DrawingInnenwelle.pdf>
Package pdftex.def Info: ./figures/DrawingInnenwelle.pdf  used on input line 4.

(pdftex.def)             Requested size: 845.04504pt x 597.51086pt.
<./figures/DrawingInnenwelle.pdf, id=182, page=1, 845.0471pt x 597.51233pt>
File: ./figures/DrawingInnenwelle.pdf Graphic file (type pdf)
<use ./figures/DrawingInnenwelle.pdf, page 1>
Package pdftex.def Info: ./figures/DrawingInnenwelle.pdf , page1 used on input 
line 4.
(pdftex.def)             Requested size: 845.04504pt x 597.51086pt.
File: ./figures/DrawingInnenwelle.pdf Graphic file (type pdf)
<use ./figures/DrawingInnenwelle.pdf, page 1>
Package pdftex.def Info: ./figures/DrawingInnenwelle.pdf , page1 used on input 
line 4.
(pdftex.def)             Requested size: 845.04504pt x 597.51086pt.
[32


]
File: ./figures/DrawingInnenwelle.pdf Graphic file (type pdf)
<use ./figures/DrawingInnenwelle.pdf, page 1>
Package pdftex.def Info: ./figures/DrawingInnenwelle.pdf , page1 used on input 
line 4.
(pdftex.def)             Requested size: 845.04504pt x 597.51086pt.
File: ./figures/DrawingInnenwelle.pdf Graphic file (type pdf)
<use ./figures/DrawingInnenwelle.pdf, page 1>
Package pdftex.def Info: ./figures/DrawingInnenwelle.pdf , page1 used on input 
line 4.
(pdftex.def)             Requested size: 845.04504pt x 597.51086pt.
File: ./figures/DrawingInnenwelle.pdf Graphic file (type pdf)
<use ./figures/DrawingInnenwelle.pdf, page 1>
Package pdftex.def Info: ./figures/DrawingInnenwelle.pdf , page1 used on input 
line 4.
(pdftex.def)             Requested size: 845.04504pt x 597.51086pt.
 [33 <./figures/DrawingInnenwelle.pdf>]
<./figures/Mantel_A.pdf, id=204, 597.51233pt x 845.0471pt>
File: ./figures/Mantel_A.pdf Graphic file (type pdf)
<use ./figures/Mantel_A.pdf>
Package pdftex.def Info: ./figures/Mantel_A.pdf  used on input line 5.
(pdftex.def)             Requested size: 597.51086pt x 845.04504pt.
File: ./figures/Mantel_A.pdf Graphic file (type pdf)
<use ./figures/Mantel_A.pdf>
Package pdftex.def Info: ./figures/Mantel_A.pdf  used on input line 5.
(pdftex.def)             Requested size: 597.51086pt x 845.04504pt.
<./figures/Mantel_A.pdf, id=207, page=1, 597.51233pt x 845.0471pt>
File: ./figures/Mantel_A.pdf Graphic file (type pdf)
<use ./figures/Mantel_A.pdf, page 1>
Package pdftex.def Info: ./figures/Mantel_A.pdf , page1 used on input line 5.
(pdftex.def)             Requested size: 597.51086pt x 845.04504pt.
File: ./figures/Mantel_A.pdf Graphic file (type pdf)
<use ./figures/Mantel_A.pdf, page 1>
Package pdftex.def Info: ./figures/Mantel_A.pdf , page1 used on input line 5.
(pdftex.def)             Requested size: 597.53821pt x 845.08372pt.
File: ./figures/Mantel_A.pdf Graphic file (type pdf)
<use ./figures/Mantel_A.pdf, page 1>
Package pdftex.def Info: ./figures/Mantel_A.pdf , page1 used on input line 5.
(pdftex.def)             Requested size: 597.53821pt x 845.08372pt.
File: ./figures/Mantel_A.pdf Graphic file (type pdf)
<use ./figures/Mantel_A.pdf, page 1>
Package pdftex.def Info: ./figures/Mantel_A.pdf , page1 used on input line 5.
(pdftex.def)             Requested size: 597.53821pt x 845.08372pt.
File: ./figures/Mantel_A.pdf Graphic file (type pdf)
<use ./figures/Mantel_A.pdf, page 1>
Package pdftex.def Info: ./figures/Mantel_A.pdf , page1 used on input line 5.
(pdftex.def)             Requested size: 597.53821pt x 845.08372pt.
 [34 <./figures/Mantel_A.pdf>]
<./figures/Mantel_B.pdf, id=224, 597.51233pt x 845.0471pt>
File: ./figures/Mantel_B.pdf Graphic file (type pdf)
<use ./figures/Mantel_B.pdf>
Package pdftex.def Info: ./figures/Mantel_B.pdf  used on input line 6.
(pdftex.def)             Requested size: 597.51086pt x 845.04504pt.
File: ./figures/Mantel_B.pdf Graphic file (type pdf)
<use ./figures/Mantel_B.pdf>
Package pdftex.def Info: ./figures/Mantel_B.pdf  used on input line 6.
(pdftex.def)             Requested size: 597.51086pt x 845.04504pt.
<./figures/Mantel_B.pdf, id=227, page=1, 597.51233pt x 845.0471pt>
File: ./figures/Mantel_B.pdf Graphic file (type pdf)
<use ./figures/Mantel_B.pdf, page 1>
Package pdftex.def Info: ./figures/Mantel_B.pdf , page1 used on input line 6.
(pdftex.def)             Requested size: 597.51086pt x 845.04504pt.
File: ./figures/Mantel_B.pdf Graphic file (type pdf)
<use ./figures/Mantel_B.pdf, page 1>
Package pdftex.def Info: ./figures/Mantel_B.pdf , page1 used on input line 6.
(pdftex.def)             Requested size: 597.53821pt x 845.08372pt.
File: ./figures/Mantel_B.pdf Graphic file (type pdf)
<use ./figures/Mantel_B.pdf, page 1>
Package pdftex.def Info: ./figures/Mantel_B.pdf , page1 used on input line 6.
(pdftex.def)             Requested size: 597.53821pt x 845.08372pt.
File: ./figures/Mantel_B.pdf Graphic file (type pdf)
<use ./figures/Mantel_B.pdf, page 1>
Package pdftex.def Info: ./figures/Mantel_B.pdf , page1 used on input line 6.
(pdftex.def)             Requested size: 597.53821pt x 845.08372pt.
File: ./figures/Mantel_B.pdf Graphic file (type pdf)
<use ./figures/Mantel_B.pdf, page 1>
Package pdftex.def Info: ./figures/Mantel_B.pdf , page1 used on input line 6.
(pdftex.def)             Requested size: 597.53821pt x 845.08372pt.

[35 <./figures/Mantel_B.pdf>])

Package natbib Warning: There were undefined citations.

(main.aux (00_frontpage.aux) (00_empty_page.aux) (00_abstract.aux)
(00_empty_page.aux) (00_nomenklatur.aux) (01_einleitung.aux) (02_grundlagen.aux
) (03_versuchsvorbereitung.aux) (04_widerstandsbestimmung.aux)
(05_windkanalversuche.aux) (06_versuchsauswertung.aux) (07_fazit.aux)
(anhang1.aux))

LaTeX Warning: There were undefined references.

 ) 
Here is how much of TeX's memory you used:
 16841 strings out of 493303
 334516 string characters out of 3138865
 352378 words of memory out of 3000000
 20051 multiletter control sequences out of 15000+200000
 552737 words of font info for 78 fonts, out of 3000000 for 9000
 1142 hyphenation exceptions out of 8191
 42i,20n,50p,10431b,957s stack positions out of 5000i,500n,10000p,200000b,50000s
 <C:\Users\Ti\AppData\Local\MiKTeX\2.9\fonts\pk\ljfour\jknappen\ec\dpi600\tcr
m1095.pk> <C:\Users\Ti\AppData\Local\MiKTeX\2.9\fonts\pk\ljfour\jknappen\ec\dpi
600\ecti1095.pk> <C:\Users\Ti\AppData\Local\MiKTeX\2.9\fonts\pk\ljfour\jknappen
\ec\dpi600\ecbx1440.pk> <C:\Users\Ti\AppData\Local\MiKTeX\2.9\fonts\pk\ljfour\j
knappen\ec\dpi600\ecbx2074.pk> <C:\Users\Ti\AppData\Local\MiKTeX\2.9\fonts\pk\l
jfour\jknappen\ec\dpi600\ecbx1095.pk> <C:\Users\Ti\AppData\Local\MiKTeX\2.9\fon
ts\pk\ljfour\jknappen\ec\dpi600\ecbx2488.pk> <C:\Users\Ti\AppData\Local\MiKTeX\
2.9\fonts\pk\ljfour\jknappen\ec\dpi600\ecrm1095.pk> <C:\Users\Ti\AppData\Local\
MiKTeX\2.9\fonts\pk\ljfour\jknappen\ec\dpi600\ecbx1728.pk> <C:\Users\Ti\AppData
\Local\MiKTeX\2.9\fonts\pk\ljfour\jknappen\ec\dpi600\ecbx1200.pk><C:/Program Fi
les/MiKTeX 2.9/fonts/type1/public/amsfonts/cm/cmex10.pfb><C:/Program Files/MiKT
eX 2.9/fonts/type1/public/amsfonts/cm/cmmi10.pfb><C:/Program Files/MiKTeX 2.9/f
onts/type1/public/amsfonts/cm/cmmi12.pfb><C:/Program Files/MiKTeX 2.9/fonts/typ
e1/public/amsfonts/cm/cmmi6.pfb><C:/Program Files/MiKTeX 2.9/fonts/type1/public
/amsfonts/cm/cmmi8.pfb><C:/Program Files/MiKTeX 2.9/fonts/type1/public/amsfonts
/cm/cmr10.pfb><C:/Program Files/MiKTeX 2.9/fonts/type1/public/amsfonts/cm/cmr12
.pfb><C:/Program Files/MiKTeX 2.9/fonts/type1/public/amsfonts/cm/cmr6.pfb><C:/P
rogram Files/MiKTeX 2.9/fonts/type1/public/amsfonts/cm/cmr8.pfb><C:/Program Fil
es/MiKTeX 2.9/fonts/type1/public/amsfonts/cm/cmsy10.pfb><C:/Program Files/MiKTe
X 2.9/fonts/type1/public/amsfonts/cm/cmsy8.pfb>
Output written on main.pdf (43 pages, 6086548 bytes).
PDF statistics:
 689 PDF objects out of 1000 (max. 8388607)
 0 named destinations out of 1000 (max. 500000)
 211 words of extra memory for PDF output out of 10000 (max. 10000000)

